
*** Running vivado
    with args -log design_1_PWM_0_0.vds -m64 -product Vivado -mode batch -messageDb vivado.pb -notrace -source design_1_PWM_0_0.tcl


****** Vivado v2018.2 (64-bit)
  **** SW Build 2258646 on Thu Jun 14 20:03:12 MDT 2018
  **** IP Build 2256618 on Thu Jun 14 22:10:49 MDT 2018
    ** Copyright 1986-2018 Xilinx, Inc. All Rights Reserved.

Sourcing tcl script 'C:/Users/arthur/AppData/Roaming/Xilinx/Vivado/Vivado_init.tcl'
0 Beta devices matching pattern found, 0 enabled.
INFO: [Common 17-1463] Init.tcl in C:/Users/arthur/AppData/Roaming/Xilinx/Vivado/init.tcl is not used. Vivado_init.tcl is already sourced.
source design_1_PWM_0_0.tcl -notrace
Command: synth_design -top design_1_PWM_0_0 -part xc7z007sclg400-1 -mode out_of_context
Starting synth_design
Attempting to get a license for feature 'Synthesis' and/or device 'xc7z007s'
INFO: [Common 17-349] Got license for feature 'Synthesis' and/or device 'xc7z007s'
INFO: Launching helper process for spawning children vivado processes
INFO: Helper process launched with PID 25728 
---------------------------------------------------------------------------------
Starting RTL Elaboration : Time (s): cpu = 00:00:03 ; elapsed = 00:00:04 . Memory (MB): peak = 514.113 ; gain = 94.484
---------------------------------------------------------------------------------
INFO: [Synth 8-6157] synthesizing module 'design_1_PWM_0_0' [d:/Github/releases/in-work/Cora-Z7/Cora-Z7-07S-XADC/proj/Cora-Z7-07S-XADC.srcs/sources_1/bd/design_1/ip/design_1_PWM_0_0/synth/design_1_PWM_0_0.sv:56]
INFO: [Synth 8-6157] synthesizing module 'PWM_v2_0' [d:/Github/releases/in-work/Cora-Z7/Cora-Z7-07S-XADC/proj/Cora-Z7-07S-XADC.srcs/sources_1/bd/design_1/ipshared/43fd/hdl/PWM_v2_0.sv:4]
	Parameter NUM_PWM bound to: 3 - type: integer 
	Parameter POLARITY bound to: 1'b1 
	Parameter C_PWM_AXI_DATA_WIDTH bound to: 32 - type: integer 
	Parameter C_PWM_AXI_ADDR_WIDTH bound to: 7 - type: integer 
INFO: [Synth 8-6157] synthesizing module 'PWM_AXI' [d:/Github/releases/in-work/Cora-Z7/Cora-Z7-07S-XADC/proj/Cora-Z7-07S-XADC.srcs/sources_1/bd/design_1/ipshared/43fd/hdl/PWM_AXI.sv:4]
	Parameter NUM_PWM bound to: 3 - type: integer 
	Parameter C_S_AXI_DATA_WIDTH bound to: 32 - type: integer 
	Parameter C_S_AXI_ADDR_WIDTH bound to: 7 - type: integer 
	Parameter ADDR_LSB bound to: 2 - type: integer 
	Parameter OPT_MEM_ADDR_BITS bound to: 4 - type: integer 
INFO: [Synth 8-6155] done synthesizing module 'PWM_AXI' (1#1) [d:/Github/releases/in-work/Cora-Z7/Cora-Z7-07S-XADC/proj/Cora-Z7-07S-XADC.srcs/sources_1/bd/design_1/ipshared/43fd/hdl/PWM_AXI.sv:4]
INFO: [Synth 8-6155] done synthesizing module 'PWM_v2_0' (2#1) [d:/Github/releases/in-work/Cora-Z7/Cora-Z7-07S-XADC/proj/Cora-Z7-07S-XADC.srcs/sources_1/bd/design_1/ipshared/43fd/hdl/PWM_v2_0.sv:4]
INFO: [Synth 8-6155] done synthesizing module 'design_1_PWM_0_0' (3#1) [d:/Github/releases/in-work/Cora-Z7/Cora-Z7-07S-XADC/proj/Cora-Z7-07S-XADC.srcs/sources_1/bd/design_1/ip/design_1_PWM_0_0/synth/design_1_PWM_0_0.sv:56]
WARNING: [Synth 8-3331] design PWM_AXI has unconnected port S_AXI_AWPROT[2]
WARNING: [Synth 8-3331] design PWM_AXI has unconnected port S_AXI_AWPROT[1]
WARNING: [Synth 8-3331] design PWM_AXI has unconnected port S_AXI_AWPROT[0]
WARNING: [Synth 8-3331] design PWM_AXI has unconnected port S_AXI_ARPROT[2]
WARNING: [Synth 8-3331] design PWM_AXI has unconnected port S_AXI_ARPROT[1]
WARNING: [Synth 8-3331] design PWM_AXI has unconnected port S_AXI_ARPROT[0]
---------------------------------------------------------------------------------
Finished RTL Elaboration : Time (s): cpu = 00:00:04 ; elapsed = 00:00:06 . Memory (MB): peak = 568.637 ; gain = 149.008
---------------------------------------------------------------------------------

Report Check Netlist: 
+------+------------------+-------+---------+-------+------------------+
|      |Item              |Errors |Warnings |Status |Description       |
+------+------------------+-------+---------+-------+------------------+
|1     |multi_driven_nets |      0|        0|Passed |Multi driven nets |
+------+------------------+-------+---------+-------+------------------+
---------------------------------------------------------------------------------
Start Handling Custom Attributes
---------------------------------------------------------------------------------
---------------------------------------------------------------------------------
Finished Handling Custom Attributes : Time (s): cpu = 00:00:04 ; elapsed = 00:00:06 . Memory (MB): peak = 568.637 ; gain = 149.008
---------------------------------------------------------------------------------
---------------------------------------------------------------------------------
Finished RTL Optimization Phase 1 : Time (s): cpu = 00:00:04 ; elapsed = 00:00:06 . Memory (MB): peak = 568.637 ; gain = 149.008
---------------------------------------------------------------------------------
INFO: [Device 21-403] Loading part xc7z007sclg400-1
INFO: [Project 1-570] Preparing netlist for logic optimization

Processing XDC Constraints
Initializing timing engine
Completed Processing XDC Constraints

INFO: [Project 1-111] Unisim Transformation Summary:
No Unisim elements were transformed.

WARNING: [Constraints 18-5210] No constraint will be written out.
Constraint Validation Runtime : Time (s): cpu = 00:00:00 ; elapsed = 00:00:00.185 . Memory (MB): peak = 893.824 ; gain = 2.406
---------------------------------------------------------------------------------
Finished Constraint Validation : Time (s): cpu = 00:00:16 ; elapsed = 00:00:26 . Memory (MB): peak = 893.824 ; gain = 474.195
---------------------------------------------------------------------------------
---------------------------------------------------------------------------------
Start Loading Part and Timing Information
---------------------------------------------------------------------------------
Loading part: xc7z007sclg400-1
---------------------------------------------------------------------------------
Finished Loading Part and Timing Information : Time (s): cpu = 00:00:16 ; elapsed = 00:00:26 . Memory (MB): peak = 893.824 ; gain = 474.195
---------------------------------------------------------------------------------
---------------------------------------------------------------------------------
Start Applying 'set_property' XDC Constraints
---------------------------------------------------------------------------------
---------------------------------------------------------------------------------
Finished applying 'set_property' XDC Constraints : Time (s): cpu = 00:00:16 ; elapsed = 00:00:26 . Memory (MB): peak = 893.824 ; gain = 474.195
---------------------------------------------------------------------------------
WARNING: [Synth 8-327] inferring latch for variable 'reg_data_out_reg' [d:/Github/releases/in-work/Cora-Z7/Cora-Z7-07S-XADC/proj/Cora-Z7-07S-XADC.srcs/sources_1/bd/design_1/ipshared/43fd/hdl/PWM_AXI.sv:388]
---------------------------------------------------------------------------------
Finished RTL Optimization Phase 2 : Time (s): cpu = 00:00:16 ; elapsed = 00:00:27 . Memory (MB): peak = 893.824 ; gain = 474.195
---------------------------------------------------------------------------------

Report RTL Partitions: 
+-+--------------+------------+----------+
| |RTL Partition |Replication |Instances |
+-+--------------+------------+----------+
+-+--------------+------------+----------+
---------------------------------------------------------------------------------
Start RTL Component Statistics 
---------------------------------------------------------------------------------
Detailed RTL Component Info : 
+---Registers : 
	               32 Bit    Registers := 11    
	                7 Bit    Registers := 2     
	                2 Bit    Registers := 2     
	                1 Bit    Registers := 6     
+---Muxes : 
	   2 Input     32 Bit        Muxes := 10    
	   5 Input     32 Bit        Muxes := 6     
	   4 Input     32 Bit        Muxes := 1     
	   2 Input      1 Bit        Muxes := 6     
---------------------------------------------------------------------------------
Finished RTL Component Statistics 
---------------------------------------------------------------------------------
---------------------------------------------------------------------------------
Start RTL Hierarchical Component Statistics 
---------------------------------------------------------------------------------
Hierarchical RTL Component report 
Module PWM_AXI 
Detailed RTL Component Info : 
+---Registers : 
	               32 Bit    Registers := 7     
	                7 Bit    Registers := 2     
	                2 Bit    Registers := 2     
	                1 Bit    Registers := 5     
+---Muxes : 
	   2 Input     32 Bit        Muxes := 10    
	   5 Input     32 Bit        Muxes := 6     
	   4 Input     32 Bit        Muxes := 1     
	   2 Input      1 Bit        Muxes := 4     
Module PWM_v2_0 
Detailed RTL Component Info : 
+---Registers : 
	               32 Bit    Registers := 4     
	                1 Bit    Registers := 1     
+---Muxes : 
	   2 Input      1 Bit        Muxes := 2     
---------------------------------------------------------------------------------
Finished RTL Hierarchical Component Statistics
---------------------------------------------------------------------------------
---------------------------------------------------------------------------------
Start Part Resource Summary
---------------------------------------------------------------------------------
Part Resources:
DSPs: 66 (col length:40)
BRAMs: 100 (col length: RAMB18 40 RAMB36 20)
---------------------------------------------------------------------------------
Finished Part Resource Summary
---------------------------------------------------------------------------------
---------------------------------------------------------------------------------
Start Cross Boundary and Area Optimization
---------------------------------------------------------------------------------
Warning: Parallel synthesis criteria is not met 
WARNING: [Synth 8-3331] design PWM_AXI has unconnected port S_AXI_AWPROT[2]
WARNING: [Synth 8-3331] design PWM_AXI has unconnected port S_AXI_AWPROT[1]
WARNING: [Synth 8-3331] design PWM_AXI has unconnected port S_AXI_AWPROT[0]
WARNING: [Synth 8-3331] design PWM_AXI has unconnected port S_AXI_ARPROT[2]
WARNING: [Synth 8-3331] design PWM_AXI has unconnected port S_AXI_ARPROT[1]
WARNING: [Synth 8-3331] design PWM_AXI has unconnected port S_AXI_ARPROT[0]
INFO: [Synth 8-3886] merging instance 'inst/PWM_AXI_inst/axi_rresp_reg[0]' (FDRE) to 'inst/PWM_AXI_inst/axi_rresp_reg[1]'
INFO: [Synth 8-3333] propagating constant 0 across sequential element (\inst/PWM_AXI_inst/axi_rresp_reg[1] )
INFO: [Synth 8-3886] merging instance 'inst/PWM_AXI_inst/axi_bresp_reg[0]' (FDRE) to 'inst/PWM_AXI_inst/axi_bresp_reg[1]'
INFO: [Synth 8-3333] propagating constant 0 across sequential element (\inst/PWM_AXI_inst/axi_bresp_reg[1] )
INFO: [Synth 8-3332] Sequential element (inst/PWM_AXI_inst/reg_data_out_reg[31]) is unused and will be removed from module design_1_PWM_0_0.
INFO: [Synth 8-3332] Sequential element (inst/PWM_AXI_inst/reg_data_out_reg[30]) is unused and will be removed from module design_1_PWM_0_0.
INFO: [Synth 8-3332] Sequential element (inst/PWM_AXI_inst/reg_data_out_reg[29]) is unused and will be removed from module design_1_PWM_0_0.
INFO: [Synth 8-3332] Sequential element (inst/PWM_AXI_inst/reg_data_out_reg[28]) is unused and will be removed from module design_1_PWM_0_0.
INFO: [Synth 8-3332] Sequential element (inst/PWM_AXI_inst/reg_data_out_reg[27]) is unused and will be removed from module design_1_PWM_0_0.
INFO: [Synth 8-3332] Sequential element (inst/PWM_AXI_inst/reg_data_out_reg[26]) is unused and will be removed from module design_1_PWM_0_0.
INFO: [Synth 8-3332] Sequential element (inst/PWM_AXI_inst/reg_data_out_reg[25]) is unused and will be removed from module design_1_PWM_0_0.
INFO: [Synth 8-3332] Sequential element (inst/PWM_AXI_inst/reg_data_out_reg[24]) is unused and will be removed from module design_1_PWM_0_0.
INFO: [Synth 8-3332] Sequential element (inst/PWM_AXI_inst/reg_data_out_reg[23]) is unused and will be removed from module design_1_PWM_0_0.
INFO: [Synth 8-3332] Sequential element (inst/PWM_AXI_inst/reg_data_out_reg[22]) is unused and will be removed from module design_1_PWM_0_0.
INFO: [Synth 8-3332] Sequential element (inst/PWM_AXI_inst/reg_data_out_reg[21]) is unused and will be removed from module design_1_PWM_0_0.
INFO: [Synth 8-3332] Sequential element (inst/PWM_AXI_inst/reg_data_out_reg[20]) is unused and will be removed from module design_1_PWM_0_0.
INFO: [Synth 8-3332] Sequential element (inst/PWM_AXI_inst/reg_data_out_reg[19]) is unused and will be removed from module design_1_PWM_0_0.
INFO: [Synth 8-3332] Sequential element (inst/PWM_AXI_inst/reg_data_out_reg[18]) is unused and will be removed from module design_1_PWM_0_0.
INFO: [Synth 8-3332] Sequential element (inst/PWM_AXI_inst/reg_data_out_reg[17]) is unused and will be removed from module design_1_PWM_0_0.
INFO: [Synth 8-3332] Sequential element (inst/PWM_AXI_inst/reg_data_out_reg[16]) is unused and will be removed from module design_1_PWM_0_0.
INFO: [Synth 8-3332] Sequential element (inst/PWM_AXI_inst/reg_data_out_reg[15]) is unused and will be removed from module design_1_PWM_0_0.
INFO: [Synth 8-3332] Sequential element (inst/PWM_AXI_inst/reg_data_out_reg[14]) is unused and will be removed from module design_1_PWM_0_0.
INFO: [Synth 8-3332] Sequential element (inst/PWM_AXI_inst/reg_data_out_reg[13]) is unused and will be removed from module design_1_PWM_0_0.
INFO: [Synth 8-3332] Sequential element (inst/PWM_AXI_inst/reg_data_out_reg[12]) is unused and will be removed from module design_1_PWM_0_0.
INFO: [Synth 8-3332] Sequential element (inst/PWM_AXI_inst/reg_data_out_reg[11]) is unused and will be removed from module design_1_PWM_0_0.
INFO: [Synth 8-3332] Sequential element (inst/PWM_AXI_inst/reg_data_out_reg[10]) is unused and will be removed from module design_1_PWM_0_0.
INFO: [Synth 8-3332] Sequential element (inst/PWM_AXI_inst/reg_data_out_reg[9]) is unused and will be removed from module design_1_PWM_0_0.
INFO: [Synth 8-3332] Sequential element (inst/PWM_AXI_inst/reg_data_out_reg[8]) is unused and will be removed from module design_1_PWM_0_0.
INFO: [Synth 8-3332] Sequential element (inst/PWM_AXI_inst/reg_data_out_reg[7]) is unused and will be removed from module design_1_PWM_0_0.
INFO: [Synth 8-3332] Sequential element (inst/PWM_AXI_inst/reg_data_out_reg[6]) is unused and will be removed from module design_1_PWM_0_0.
INFO: [Synth 8-3332] Sequential element (inst/PWM_AXI_inst/reg_data_out_reg[5]) is unused and will be removed from module design_1_PWM_0_0.
INFO: [Synth 8-3332] Sequential element (inst/PWM_AXI_inst/reg_data_out_reg[4]) is unused and will be removed from module design_1_PWM_0_0.
INFO: [Synth 8-3332] Sequential element (inst/PWM_AXI_inst/reg_data_out_reg[3]) is unused and will be removed from module design_1_PWM_0_0.
INFO: [Synth 8-3332] Sequential element (inst/PWM_AXI_inst/reg_data_out_reg[2]) is unused and will be removed from module design_1_PWM_0_0.
INFO: [Synth 8-3332] Sequential element (inst/PWM_AXI_inst/reg_data_out_reg[1]) is unused and will be removed from module design_1_PWM_0_0.
INFO: [Synth 8-3332] Sequential element (inst/PWM_AXI_inst/reg_data_out_reg[0]) is unused and will be removed from module design_1_PWM_0_0.
INFO: [Synth 8-3332] Sequential element (inst/PWM_AXI_inst/axi_awaddr_reg[1]) is unused and will be removed from module design_1_PWM_0_0.
INFO: [Synth 8-3332] Sequential element (inst/PWM_AXI_inst/axi_awaddr_reg[0]) is unused and will be removed from module design_1_PWM_0_0.
INFO: [Synth 8-3332] Sequential element (inst/PWM_AXI_inst/axi_bresp_reg[1]) is unused and will be removed from module design_1_PWM_0_0.
INFO: [Synth 8-3332] Sequential element (inst/PWM_AXI_inst/axi_rresp_reg[1]) is unused and will be removed from module design_1_PWM_0_0.
INFO: [Synth 8-3332] Sequential element (inst/PWM_AXI_inst/axi_araddr_reg[1]) is unused and will be removed from module design_1_PWM_0_0.
INFO: [Synth 8-3332] Sequential element (inst/PWM_AXI_inst/axi_araddr_reg[0]) is unused and will be removed from module design_1_PWM_0_0.
---------------------------------------------------------------------------------
Finished Cross Boundary and Area Optimization : Time (s): cpu = 00:00:18 ; elapsed = 00:00:30 . Memory (MB): peak = 893.824 ; gain = 474.195
---------------------------------------------------------------------------------

Report RTL Partitions: 
+-+--------------+------------+----------+
| |RTL Partition |Replication |Instances |
+-+--------------+------------+----------+
+-+--------------+------------+----------+
---------------------------------------------------------------------------------
Start Applying XDC Timing Constraints
---------------------------------------------------------------------------------
---------------------------------------------------------------------------------
Finished Applying XDC Timing Constraints : Time (s): cpu = 00:00:29 ; elapsed = 00:00:50 . Memory (MB): peak = 895.293 ; gain = 475.664
---------------------------------------------------------------------------------
---------------------------------------------------------------------------------
Start Timing Optimization
---------------------------------------------------------------------------------
---------------------------------------------------------------------------------
Finished Timing Optimization : Time (s): cpu = 00:00:29 ; elapsed = 00:00:50 . Memory (MB): peak = 896.000 ; gain = 476.371
---------------------------------------------------------------------------------

Report RTL Partitions: 
+-+--------------+------------+----------+
| |RTL Partition |Replication |Instances |
+-+--------------+------------+----------+
+-+--------------+------------+----------+
---------------------------------------------------------------------------------
Start Technology Mapping
---------------------------------------------------------------------------------
---------------------------------------------------------------------------------
Finished Technology Mapping : Time (s): cpu = 00:00:30 ; elapsed = 00:00:51 . Memory (MB): peak = 908.305 ; gain = 488.676
---------------------------------------------------------------------------------

Report RTL Partitions: 
+-+--------------+------------+----------+
| |RTL Partition |Replication |Instances |
+-+--------------+------------+----------+
+-+--------------+------------+----------+
---------------------------------------------------------------------------------
Start IO Insertion
---------------------------------------------------------------------------------
---------------------------------------------------------------------------------
Start Flattening Before IO Insertion
---------------------------------------------------------------------------------
---------------------------------------------------------------------------------
Finished Flattening Before IO Insertion
---------------------------------------------------------------------------------
---------------------------------------------------------------------------------
Start Final Netlist Cleanup
---------------------------------------------------------------------------------
---------------------------------------------------------------------------------
Finished Final Netlist Cleanup
---------------------------------------------------------------------------------
---------------------------------------------------------------------------------
Finished IO Insertion : Time (s): cpu = 00:00:31 ; elapsed = 00:00:53 . Memory (MB): peak = 908.305 ; gain = 488.676
---------------------------------------------------------------------------------

Report Check Netlist: 
+------+------------------+-------+---------+-------+------------------+
|      |Item              |Errors |Warnings |Status |Description       |
+------+------------------+-------+---------+-------+------------------+
|1     |multi_driven_nets |      0|        0|Passed |Multi driven nets |
+------+------------------+-------+---------+-------+------------------+
---------------------------------------------------------------------------------
Start Renaming Generated Instances
---------------------------------------------------------------------------------
---------------------------------------------------------------------------------
Finished Renaming Generated Instances : Time (s): cpu = 00:00:31 ; elapsed = 00:00:53 . Memory (MB): peak = 908.305 ; gain = 488.676
---------------------------------------------------------------------------------

Report RTL Partitions: 
+-+--------------+------------+----------+
| |RTL Partition |Replication |Instances |
+-+--------------+------------+----------+
+-+--------------+------------+----------+
---------------------------------------------------------------------------------
Start Rebuilding User Hierarchy
---------------------------------------------------------------------------------
---------------------------------------------------------------------------------
Finished Rebuilding User Hierarchy : Time (s): cpu = 00:00:31 ; elapsed = 00:00:53 . Memory (MB): peak = 908.305 ; gain = 488.676
---------------------------------------------------------------------------------
---------------------------------------------------------------------------------
Start Renaming Generated Ports
---------------------------------------------------------------------------------
---------------------------------------------------------------------------------
Finished Renaming Generated Ports : Time (s): cpu = 00:00:31 ; elapsed = 00:00:53 . Memory (MB): peak = 908.305 ; gain = 488.676
---------------------------------------------------------------------------------
---------------------------------------------------------------------------------
Start Handling Custom Attributes
---------------------------------------------------------------------------------
---------------------------------------------------------------------------------
Finished Handling Custom Attributes : Time (s): cpu = 00:00:31 ; elapsed = 00:00:53 . Memory (MB): peak = 908.305 ; gain = 488.676
---------------------------------------------------------------------------------
---------------------------------------------------------------------------------
Start Renaming Generated Nets
---------------------------------------------------------------------------------
---------------------------------------------------------------------------------
Finished Renaming Generated Nets : Time (s): cpu = 00:00:31 ; elapsed = 00:00:53 . Memory (MB): peak = 908.305 ; gain = 488.676
---------------------------------------------------------------------------------
---------------------------------------------------------------------------------
Start Writing Synthesis Report
---------------------------------------------------------------------------------

Report BlackBoxes: 
+-+--------------+----------+
| |BlackBox name |Instances |
+-+--------------+----------+
+-+--------------+----------+

Report Cell Usage: 
+------+-------+------+
|      |Cell   |Count |
+------+-------+------+
|1     |CARRY4 |    24|
|2     |LUT1   |     2|
|3     |LUT2   |    29|
|4     |LUT3   |     3|
|5     |LUT4   |   130|
|6     |LUT5   |    96|
|7     |LUT6   |     7|
|8     |FDRE   |   400|
+------+-------+------+

Report Instance Areas: 
+------+-----------------+---------+------+
|      |Instance         |Module   |Cells |
+------+-----------------+---------+------+
|1     |top              |         |   691|
|2     |  inst           |PWM_v2_0 |   691|
|3     |    PWM_AXI_inst |PWM_AXI  |   373|
+------+-----------------+---------+------+
---------------------------------------------------------------------------------
Finished Writing Synthesis Report : Time (s): cpu = 00:00:31 ; elapsed = 00:00:53 . Memory (MB): peak = 908.305 ; gain = 488.676
---------------------------------------------------------------------------------
Synthesis finished with 0 errors, 0 critical warnings and 7 warnings.
Synthesis Optimization Runtime : Time (s): cpu = 00:00:19 ; elapsed = 00:00:38 . Memory (MB): peak = 908.305 ; gain = 163.488
Synthesis Optimization Complete : Time (s): cpu = 00:00:31 ; elapsed = 00:00:53 . Memory (MB): peak = 908.305 ; gain = 488.676
INFO: [Project 1-571] Translating synthesized netlist
INFO: [Netlist 29-17] Analyzing 24 Unisim elements for replacement
INFO: [Netlist 29-28] Unisim Transformation completed in 0 CPU seconds
INFO: [Project 1-570] Preparing netlist for logic optimization
INFO: [Opt 31-138] Pushed 0 inverter(s) to 0 load pin(s).
INFO: [Project 1-111] Unisim Transformation Summary:
No Unisim elements were transformed.

INFO: [Common 17-83] Releasing license: Synthesis
59 Infos, 14 Warnings, 0 Critical Warnings and 0 Errors encountered.
synth_design completed successfully
synth_design: Time (s): cpu = 00:00:35 ; elapsed = 00:00:56 . Memory (MB): peak = 917.184 ; gain = 509.023
WARNING: [Constraints 18-5210] No constraint will be written out.
INFO: [Common 17-1381] The checkpoint 'D:/Github/releases/in-work/Cora-Z7/Cora-Z7-07S-XADC/proj/Cora-Z7-07S-XADC.runs/design_1_PWM_0_0_synth_1/design_1_PWM_0_0.dcp' has been generated.
INFO: [Coretcl 2-1482] Added synthesis output to IP cache for IP d:/Github/releases/in-work/Cora-Z7/Cora-Z7-07S-XADC/proj/Cora-Z7-07S-XADC.srcs/sources_1/bd/design_1/ip/design_1_PWM_0_0/design_1_PWM_0_0.xci
INFO: [Coretcl 2-1174] Renamed 2 cell refs.
WARNING: [Constraints 18-5210] No constraint will be written out.
INFO: [Common 17-1381] The checkpoint 'D:/Github/releases/in-work/Cora-Z7/Cora-Z7-07S-XADC/proj/Cora-Z7-07S-XADC.runs/design_1_PWM_0_0_synth_1/design_1_PWM_0_0.dcp' has been generated.
INFO: [runtcl-4] Executing : report_utilization -file design_1_PWM_0_0_utilization_synth.rpt -pb design_1_PWM_0_0_utilization_synth.pb
report_utilization: Time (s): cpu = 00:00:00 ; elapsed = 00:00:00.060 . Memory (MB): peak = 917.184 ; gain = 0.000
INFO: [Common 17-206] Exiting Vivado at Mon Oct 22 13:11:53 2018...
