15:30:21 INFO  : Registering command handlers for SDK TCF services
15:30:22 INFO  : Launching XSCT server: xsct.bat -interactive C:\Users\jones\Desktop\EE316-Lab5\Lab5\Lab5.sdk\temp_xsdb_launch_script.tcl
15:30:24 INFO  : XSCT server has started successfully.
15:30:24 INFO  : Successfully done setting XSCT server connection channel  
15:30:24 INFO  : Successfully done setting SDK workspace  
15:30:24 INFO  : Processing command line option -hwspec C:/Users/jones/Desktop/EE316-Lab5/Lab5/Lab5.sdk/design_1_wrapper.hdf.
15:31:34 INFO  : Connected to target on host '127.0.0.1' and port '3121'.
15:31:34 INFO  : 'targets -set -filter {jtag_cable_name =~ "Digilent Cora Z7 - 7007S 210370AFD299A" && level==0} -index 1' command is executed.
15:31:35 INFO  : FPGA configured successfully with bitstream "C:/Users/jones/Desktop/EE316-Lab5/Lab5/Lab5.sdk/design_1_wrapper_hw_platform_0/design_1_wrapper.bit"
15:31:41 INFO  : 'targets -set -filter {jtag_cable_name =~ "Digilent Cora Z7 - 7007S 210370AFD299A" && level==0} -index 1' command is executed.
15:31:41 INFO  : 'fpga -state' command is executed.
15:31:41 INFO  : Connected to target on host '127.0.0.1' and port '3121'.
15:31:41 INFO  : Jtag cable 'Digilent Cora Z7 - 7007S 210370AFD299A' is selected.
15:31:41 INFO  : 'jtag frequency' command is executed.
15:31:41 INFO  : Sourcing of 'C:/Users/jones/Desktop/EE316-Lab5/Lab5/Lab5.sdk/design_1_wrapper_hw_platform_0/ps7_init.tcl' is done.
15:31:41 INFO  : Context for 'APU' is selected.
15:31:41 INFO  : Hardware design information is loaded from 'C:/Users/jones/Desktop/EE316-Lab5/Lab5/Lab5.sdk/design_1_wrapper_hw_platform_0/system.hdf'.
15:31:41 INFO  : 'configparams force-mem-access 1' command is executed.
15:31:41 INFO  : Context for 'APU' is selected.
15:31:41 INFO  : 'stop' command is executed.
15:31:42 INFO  : 'ps7_init' command is executed.
15:31:42 INFO  : 'ps7_post_config' command is executed.
15:31:42 INFO  : Context for processor 'ps7_cortexa9_0' is selected.
15:31:42 INFO  : Processor reset is completed for 'ps7_cortexa9_0'.
15:31:42 INFO  : Context for processor 'ps7_cortexa9_0' is selected.
15:31:42 INFO  : The application 'C:/Users/jones/Desktop/EE316-Lab5/Lab5/Lab5.sdk/xadc_test/Debug/xadc_test.elf' is downloaded to processor 'ps7_cortexa9_0'.
15:31:42 INFO  : 'configparams force-mem-access 0' command is executed.
15:31:42 INFO  : ----------------XSDB Script----------------
connect -url tcp:127.0.0.1:3121
source C:/Users/jones/Desktop/EE316-Lab5/Lab5/Lab5.sdk/design_1_wrapper_hw_platform_0/ps7_init.tcl
targets -set -nocase -filter {name =~"APU*" && jtag_cable_name =~ "Digilent Cora Z7 - 7007S 210370AFD299A"} -index 0
loadhw -hw C:/Users/jones/Desktop/EE316-Lab5/Lab5/Lab5.sdk/design_1_wrapper_hw_platform_0/system.hdf -mem-ranges [list {0x40000000 0xbfffffff}]
configparams force-mem-access 1
targets -set -nocase -filter {name =~"APU*" && jtag_cable_name =~ "Digilent Cora Z7 - 7007S 210370AFD299A"} -index 0
stop
ps7_init
ps7_post_config
targets -set -nocase -filter {name =~ "ARM*#0" && jtag_cable_name =~ "Digilent Cora Z7 - 7007S 210370AFD299A"} -index 0
rst -processor
targets -set -nocase -filter {name =~ "ARM*#0" && jtag_cable_name =~ "Digilent Cora Z7 - 7007S 210370AFD299A"} -index 0
dow C:/Users/jones/Desktop/EE316-Lab5/Lab5/Lab5.sdk/xadc_test/Debug/xadc_test.elf
configparams force-mem-access 0
----------------End of Script----------------

15:31:42 INFO  : Memory regions updated for context APU
15:31:42 INFO  : Context for processor 'ps7_cortexa9_0' is selected.
15:31:42 INFO  : 'con' command is executed.
15:31:42 INFO  : ----------------XSDB Script (After Launch)----------------
targets -set -nocase -filter {name =~ "ARM*#0" && jtag_cable_name =~ "Digilent Cora Z7 - 7007S 210370AFD299A"} -index 0
con
----------------End of Script----------------

15:31:42 INFO  : Launch script is exported to file 'C:\Users\jones\Desktop\EE316-Lab5\Lab5\Lab5.sdk\.sdk\launch_scripts\xilinx_c-c++_application_(system_debugger)\system_debugger_using_debug_xadc_test.elf_on_local.tcl'
15:32:48 INFO  : Disconnected from the channel tcfchan#1.
16:13:31 INFO  : Registering command handlers for SDK TCF services
16:13:31 INFO  : Launching XSCT server: xsct.bat -interactive C:\Users\jones\Desktop\EE316-Lab5\Lab5\Lab5.sdk\temp_xsdb_launch_script.tcl
16:13:33 INFO  : XSCT server has started successfully.
16:13:33 INFO  : Successfully done setting XSCT server connection channel  
16:13:33 INFO  : Successfully done setting SDK workspace  
16:13:33 INFO  : Processing command line option -hwspec C:/Users/jones/Desktop/EE316-Lab5/Lab5/Lab5.sdk/design_1_wrapper.hdf.
16:13:34 INFO  : Checking for hwspec changes in the project design_1_wrapper_hw_platform_0.
