#-----------------------------------------------------------
# Vivado v2019.1 (64-bit)
# SW Build 2552052 on Fri May 24 14:49:42 MDT 2019
# IP Build 2548770 on Fri May 24 18:01:18 MDT 2019
# Start of session at: Tue Apr  5 15:57:05 2022
# Process ID: 22000
# Current directory: C:/Users/jones/Desktop/EE316-Lab5/xadc_example/vivado_proj
# Command line: vivado.exe -gui_launcher_event rodinguilauncherevent24552 C:\Users\jones\Desktop\EE316-Lab5\xadc_example\vivado_proj\Cora-Z7-07S-XADC.xpr
# Log file: C:/Users/jones/Desktop/EE316-Lab5/xadc_example/vivado_proj/vivado.log
# Journal file: C:/Users/jones/Desktop/EE316-Lab5/xadc_example/vivado_proj\vivado.jou
#-----------------------------------------------------------
start_gui
open_project C:/Users/jones/Desktop/EE316-Lab5/xadc_example/vivado_proj/Cora-Z7-07S-XADC.xpr
Scanning sources...
Finished scanning sources
INFO: [IP_Flow 19-234] Refreshing IP repositories
INFO: [IP_Flow 19-1700] Loaded user IP repository 'c:/Users/jones/Desktop/EE316-Lab5/xadc_example/vivado_proj/Cora-Z7-07S-XADC.ipdefs/repo_0'.
INFO: [IP_Flow 19-2313] Loaded Vivado IP repository 'C:/Xilinx/Vivado/2019.1/data/ip'.
open_project: Time (s): cpu = 00:00:18 ; elapsed = 00:00:08 . Memory (MB): peak = 938.914 ; gain = 204.953
update_compile_order -fileset sources_1
open_run synth_1 -name synth_1
Design is defaulting to impl run constrset: constrs_1
Design is defaulting to synth run part: xc7z007sclg400-1
INFO: [Device 21-403] Loading part xc7z007sclg400-1
INFO: [Project 1-454] Reading design checkpoint 'c:/Users/jones/Desktop/EE316-Lab5/xadc_example/vivado_proj/Cora-Z7-07S-XADC.srcs/sources_1/bd/design_1/ip/design_1_PWM_0_0/design_1_PWM_0_0.dcp' for cell 'design_1_i/PWM_0'
INFO: [Project 1-454] Reading design checkpoint 'c:/Users/jones/Desktop/EE316-Lab5/xadc_example/vivado_proj/Cora-Z7-07S-XADC.srcs/sources_1/bd/design_1/ip/design_1_axi_gpio_0_0/design_1_axi_gpio_0_0.dcp' for cell 'design_1_i/axi_gpio_0'
INFO: [Project 1-454] Reading design checkpoint 'c:/Users/jones/Desktop/EE316-Lab5/xadc_example/vivado_proj/Cora-Z7-07S-XADC.srcs/sources_1/bd/design_1/ip/design_1_processing_system7_0_0/design_1_processing_system7_0_0.dcp' for cell 'design_1_i/processing_system7_0'
INFO: [Project 1-454] Reading design checkpoint 'c:/Users/jones/Desktop/EE316-Lab5/xadc_example/vivado_proj/Cora-Z7-07S-XADC.srcs/sources_1/bd/design_1/ip/design_1_rst_ps7_0_50M_0/design_1_rst_ps7_0_50M_0.dcp' for cell 'design_1_i/rst_ps7_0_50M'
INFO: [Project 1-454] Reading design checkpoint 'c:/Users/jones/Desktop/EE316-Lab5/xadc_example/vivado_proj/Cora-Z7-07S-XADC.srcs/sources_1/bd/design_1/ip/design_1_xadc_wiz_0_0/design_1_xadc_wiz_0_0.dcp' for cell 'design_1_i/xadc_wiz_0'
INFO: [Project 1-454] Reading design checkpoint 'c:/Users/jones/Desktop/EE316-Lab5/xadc_example/vivado_proj/Cora-Z7-07S-XADC.srcs/sources_1/bd/design_1/ip/design_1_xbar_0/design_1_xbar_0.dcp' for cell 'design_1_i/ps7_0_axi_periph/xbar'
INFO: [Project 1-454] Reading design checkpoint 'c:/Users/jones/Desktop/EE316-Lab5/xadc_example/vivado_proj/Cora-Z7-07S-XADC.srcs/sources_1/bd/design_1/ip/design_1_auto_pc_0/design_1_auto_pc_0.dcp' for cell 'design_1_i/ps7_0_axi_periph/s00_couplers/auto_pc'
INFO: [Netlist 29-17] Analyzing 43 Unisim elements for replacement
INFO: [Netlist 29-28] Unisim Transformation completed in 0 CPU seconds
INFO: [Project 1-479] Netlist was created with Vivado 2019.1.3
INFO: [Project 1-570] Preparing netlist for logic optimization
Parsing XDC File [c:/Users/jones/Desktop/EE316-Lab5/xadc_example/vivado_proj/Cora-Z7-07S-XADC.srcs/sources_1/bd/design_1/ip/design_1_axi_gpio_0_0/design_1_axi_gpio_0_0_board.xdc] for cell 'design_1_i/axi_gpio_0/U0'
Finished Parsing XDC File [c:/Users/jones/Desktop/EE316-Lab5/xadc_example/vivado_proj/Cora-Z7-07S-XADC.srcs/sources_1/bd/design_1/ip/design_1_axi_gpio_0_0/design_1_axi_gpio_0_0_board.xdc] for cell 'design_1_i/axi_gpio_0/U0'
Parsing XDC File [c:/Users/jones/Desktop/EE316-Lab5/xadc_example/vivado_proj/Cora-Z7-07S-XADC.srcs/sources_1/bd/design_1/ip/design_1_axi_gpio_0_0/design_1_axi_gpio_0_0.xdc] for cell 'design_1_i/axi_gpio_0/U0'
Finished Parsing XDC File [c:/Users/jones/Desktop/EE316-Lab5/xadc_example/vivado_proj/Cora-Z7-07S-XADC.srcs/sources_1/bd/design_1/ip/design_1_axi_gpio_0_0/design_1_axi_gpio_0_0.xdc] for cell 'design_1_i/axi_gpio_0/U0'
Parsing XDC File [c:/Users/jones/Desktop/EE316-Lab5/xadc_example/vivado_proj/Cora-Z7-07S-XADC.srcs/sources_1/bd/design_1/ip/design_1_processing_system7_0_0/design_1_processing_system7_0_0.xdc] for cell 'design_1_i/processing_system7_0/inst'
Finished Parsing XDC File [c:/Users/jones/Desktop/EE316-Lab5/xadc_example/vivado_proj/Cora-Z7-07S-XADC.srcs/sources_1/bd/design_1/ip/design_1_processing_system7_0_0/design_1_processing_system7_0_0.xdc] for cell 'design_1_i/processing_system7_0/inst'
Parsing XDC File [c:/Users/jones/Desktop/EE316-Lab5/xadc_example/vivado_proj/Cora-Z7-07S-XADC.srcs/sources_1/bd/design_1/ip/design_1_rst_ps7_0_50M_0/design_1_rst_ps7_0_50M_0_board.xdc] for cell 'design_1_i/rst_ps7_0_50M/U0'
Finished Parsing XDC File [c:/Users/jones/Desktop/EE316-Lab5/xadc_example/vivado_proj/Cora-Z7-07S-XADC.srcs/sources_1/bd/design_1/ip/design_1_rst_ps7_0_50M_0/design_1_rst_ps7_0_50M_0_board.xdc] for cell 'design_1_i/rst_ps7_0_50M/U0'
Parsing XDC File [c:/Users/jones/Desktop/EE316-Lab5/xadc_example/vivado_proj/Cora-Z7-07S-XADC.srcs/sources_1/bd/design_1/ip/design_1_rst_ps7_0_50M_0/design_1_rst_ps7_0_50M_0.xdc] for cell 'design_1_i/rst_ps7_0_50M/U0'
Finished Parsing XDC File [c:/Users/jones/Desktop/EE316-Lab5/xadc_example/vivado_proj/Cora-Z7-07S-XADC.srcs/sources_1/bd/design_1/ip/design_1_rst_ps7_0_50M_0/design_1_rst_ps7_0_50M_0.xdc] for cell 'design_1_i/rst_ps7_0_50M/U0'
Parsing XDC File [c:/Users/jones/Desktop/EE316-Lab5/xadc_example/vivado_proj/Cora-Z7-07S-XADC.srcs/sources_1/bd/design_1/ip/design_1_xadc_wiz_0_0/design_1_xadc_wiz_0_0.xdc] for cell 'design_1_i/xadc_wiz_0/inst'
Finished Parsing XDC File [c:/Users/jones/Desktop/EE316-Lab5/xadc_example/vivado_proj/Cora-Z7-07S-XADC.srcs/sources_1/bd/design_1/ip/design_1_xadc_wiz_0_0/design_1_xadc_wiz_0_0.xdc] for cell 'design_1_i/xadc_wiz_0/inst'
Parsing XDC File [C:/Users/jones/Desktop/EE316-Lab5/xadc_example/vivado_proj/Cora-Z7-07S-XADC.srcs/constrs_1/imports/constraints/Cora-Z7-07S-Master.xdc]
Finished Parsing XDC File [C:/Users/jones/Desktop/EE316-Lab5/xadc_example/vivado_proj/Cora-Z7-07S-XADC.srcs/constrs_1/imports/constraints/Cora-Z7-07S-Master.xdc]
INFO: [Opt 31-138] Pushed 0 inverter(s) to 0 load pin(s).
Netlist sorting complete. Time (s): cpu = 00:00:00 ; elapsed = 00:00:00.002 . Memory (MB): peak = 1353.215 ; gain = 0.000
INFO: [Project 1-111] Unisim Transformation Summary:
No Unisim elements were transformed.

open_run: Time (s): cpu = 00:00:26 ; elapsed = 00:00:27 . Memory (MB): peak = 1520.023 ; gain = 282.262
set_property target_constrs_file C:/Users/jones/Desktop/EE316-Lab5/xadc_example/vivado_proj/Cora-Z7-07S-XADC.srcs/constrs_1/imports/constraints/Cora-Z7-07S-Master.xdc [current_fileset -constrset]
exit
INFO: [Common 17-206] Exiting Vivado at Tue Apr  5 16:02:05 2022...
