15:26:04 **** Auto Build of configuration Debug for project FullProject ****
make pre-build main-build 
a9-linaro-pre-build-step
' '
'Building file: ../helloworld.c'
'Invoking: ARM v7 gcc compiler'
arm-none-eabi-gcc -Wall -O0 -g3 -c -fmessage-length=0 -MT"helloworld.o" -mcpu=cortex-a9 -mfpu=vfpv3 -mfloat-abi=hard -I../../FullProject_bsp/ps7_cortexa9_0/include -MMD -MP -MF"helloworld.d" -MT"helloworld.o" -o "helloworld.o" "../helloworld.c"
../helloworld.c:88:8: warning: "/*" within comment [-Wcomment]
 #endif /* XPAR_INTC_0_DEVICE_ID */
         
'Finished building: ../helloworld.c'
' '
'Building target: FullProject.elf'
'Invoking: ARM v7 gcc linker'
arm-none-eabi-gcc -mcpu=cortex-a9 -mfpu=vfpv3 -mfloat-abi=hard -Wl,-build-id=none -specs=Xilinx.spec -Wl,-T -Wl,../src/lscript.ld -L../../FullProject_bsp/ps7_cortexa9_0/lib -o "FullProject.elf"  ./helloworld.o ./platform.o   -Wl,--start-group,-lxil,-lgcc,-lc,--end-group
'Finished building target: FullProject.elf'
' '
'Invoking: ARM v7 Print Size'
arm-none-eabi-size FullProject.elf  |tee "FullProject.elf.size"
   text	   data	    bss	    dec	    hex	filename
  74536	   3552	  23408	 101496	  18c78	FullProject.elf
'Finished building: FullProject.elf.size'
' '

15:26:05 Build Finished (took 878ms)

