Copyright 1986-2019 Xilinx, Inc. All Rights Reserved.
--------------------------------------------------------------------------------------------------------------------------------------------------------------------------------------
| Tool Version : Vivado v.2019.1.3 (win64) Build 2644227 Wed Sep  4 09:45:24 MDT 2019
| Date         : Tue Mar 29 11:41:54 2022
| Host         : Aaron5800X running 64-bit major release  (build 9200)
| Command      : report_methodology -file design_1_wrapper_methodology_drc_routed.rpt -pb design_1_wrapper_methodology_drc_routed.pb -rpx design_1_wrapper_methodology_drc_routed.rpx
| Design       : design_1_wrapper
| Device       : xc7z007sclg400-1
| Speed File   : -1
| Design State : Fully Routed
--------------------------------------------------------------------------------------------------------------------------------------------------------------------------------------

Report Methodology

Table of Contents
-----------------
1. REPORT SUMMARY
2. REPORT DETAILS

1. REPORT SUMMARY
-----------------
            Netlist: netlist
          Floorplan: design_1
      Design limits: <entire design considered>
             Max violations: <unlimited>
             Violations found: 5
+-----------+----------+-------------------------------+------------+
| Rule      | Severity | Description                   | Violations |
+-----------+----------+-------------------------------+------------+
| TIMING-18 | Warning  | Missing input or output delay | 5          |
+-----------+----------+-------------------------------+------------+

2. REPORT DETAILS
-----------------
TIMING-18#1 Warning
Missing input or output delay  
An input delay is missing on btns_2bits_tri_i[0] relative to clock(s) clk_fpga_0
Related violations: <none>

TIMING-18#2 Warning
Missing input or output delay  
An input delay is missing on btns_2bits_tri_i[1] relative to clock(s) clk_fpga_0
Related violations: <none>

TIMING-18#3 Warning
Missing input or output delay  
An output delay is missing on pwm_0[0] relative to clock(s) clk_fpga_0
Related violations: <none>

TIMING-18#4 Warning
Missing input or output delay  
An output delay is missing on pwm_0[1] relative to clock(s) clk_fpga_0
Related violations: <none>

TIMING-18#5 Warning
Missing input or output delay  
An output delay is missing on pwm_0[2] relative to clock(s) clk_fpga_0
Related violations: <none>


