#-----------------------------------------------------------
# Vivado v2019.1 (64-bit)
# SW Build 2552052 on Fri May 24 14:49:42 MDT 2019
# IP Build 2548770 on Fri May 24 18:01:18 MDT 2019
# Start of session at: Wed Apr  6 16:12:40 2022
# Process ID: 4928
# Current directory: C:/Users/jones/Desktop/EE316-Lab5/Lab5
# Command line: vivado.exe -gui_launcher_event rodinguilauncherevent20632 C:\Users\jones\Desktop\EE316-Lab5\Lab5\Lab5.xpr
# Log file: C:/Users/jones/Desktop/EE316-Lab5/Lab5/vivado.log
# Journal file: C:/Users/jones/Desktop/EE316-Lab5/Lab5\vivado.jou
#-----------------------------------------------------------
start_gui
open_project C:/Users/jones/Desktop/EE316-Lab5/Lab5/Lab5.xpr
Scanning sources...
Finished scanning sources
INFO: [IP_Flow 19-234] Refreshing IP repositories
INFO: [IP_Flow 19-1700] Loaded user IP repository 'c:/Users/jones/Desktop/EE316-Lab5/ip'.
INFO: [IP_Flow 19-2313] Loaded Vivado IP repository 'C:/Xilinx/Vivado/2019.1/data/ip'.
open_project: Time (s): cpu = 00:00:16 ; elapsed = 00:00:07 . Memory (MB): peak = 970.551 ; gain = 229.438
update_compile_order -fileset sources_1
INFO: [Vivado 12-4158] Exported Hardware file is out of date. Exported hardware information may be inconsistent with respect to the current state of the design. It is recommended that you re-export the design and launch SDK otherwise SDK is launched with out of date hardware system file.
launch_sdk -workspace C:/Users/jones/Desktop/EE316-Lab5/Lab5/Lab5.sdk -hwspec C:/Users/jones/Desktop/EE316-Lab5/Lab5/Lab5.sdk/design_1_wrapper.hdf
INFO: [Vivado 12-393] Launching SDK...
INFO: [Vivado 12-417] Running xsdk -workspace C:/Users/jones/Desktop/EE316-Lab5/Lab5/Lab5.sdk -hwspec C:/Users/jones/Desktop/EE316-Lab5/Lab5/Lab5.sdk/design_1_wrapper.hdf
INFO: [Vivado 12-3157] SDK launch initiated. Please check console for any further messages.
exit
INFO: [Common 17-206] Exiting Vivado at Wed Apr  6 16:14:36 2022...
