11:43:30 INFO  : Registering command handlers for SDK TCF services
11:43:31 INFO  : Launching XSCT server: xsct.bat -interactive C:\Users\jones\Desktop\EE316-Lab5\xadc_example\vivado_proj\Cora-Z7-07S-XADC.sdk\temp_xsdb_launch_script.tcl
11:43:33 INFO  : XSCT server has started successfully.
11:43:34 INFO  : Successfully done setting XSCT server connection channel  
11:43:34 INFO  : Successfully done setting SDK workspace  
11:43:34 INFO  : Processing command line option -hwspec C:/Users/jones/Desktop/EE316-Lab5/xadc_example/vivado_proj/Cora-Z7-07S-XADC.sdk/design_1_wrapper.hdf.
11:44:58 INFO  : Connected to target on host '127.0.0.1' and port '3121'.
11:44:59 INFO  : 'targets -set -filter {jtag_cable_name =~ "Digilent Cora Z7 - 7007S 210370AFD299A" && level==0} -index 1' command is executed.
11:45:00 INFO  : FPGA configured successfully with bitstream "C:/Users/jones/Desktop/EE316-Lab5/xadc_example/vivado_proj/Cora-Z7-07S-XADC.sdk/design_1_wrapper_hw_platform_0/design_1_wrapper.bit"
11:45:10 INFO  : 'targets -set -filter {jtag_cable_name =~ "Digilent Cora Z7 - 7007S 210370AFD299A" && level==0} -index 1' command is executed.
11:45:10 INFO  : 'fpga -state' command is executed.
11:45:10 INFO  : Connected to target on host '127.0.0.1' and port '3121'.
11:45:10 INFO  : Jtag cable 'Digilent Cora Z7 - 7007S 210370AFD299A' is selected.
11:45:10 INFO  : 'jtag frequency' command is executed.
11:45:10 INFO  : Sourcing of 'C:/Users/jones/Desktop/EE316-Lab5/xadc_example/vivado_proj/Cora-Z7-07S-XADC.sdk/design_1_wrapper_hw_platform_0/ps7_init.tcl' is done.
11:45:10 INFO  : Context for 'APU' is selected.
11:45:10 INFO  : Hardware design information is loaded from 'C:/Users/jones/Desktop/EE316-Lab5/xadc_example/vivado_proj/Cora-Z7-07S-XADC.sdk/design_1_wrapper_hw_platform_0/system.hdf'.
11:45:10 INFO  : 'configparams force-mem-access 1' command is executed.
11:45:10 INFO  : Context for 'APU' is selected.
11:45:10 INFO  : 'stop' command is executed.
11:45:10 INFO  : 'ps7_init' command is executed.
11:45:10 INFO  : 'ps7_post_config' command is executed.
11:45:10 INFO  : Context for processor 'ps7_cortexa9_0' is selected.
11:45:10 INFO  : Processor reset is completed for 'ps7_cortexa9_0'.
11:45:10 INFO  : Context for processor 'ps7_cortexa9_0' is selected.
11:45:11 INFO  : The application 'C:/Users/jones/Desktop/EE316-Lab5/xadc_example/vivado_proj/Cora-Z7-07S-XADC.sdk/DigilentExample/Debug/DigilentExample.elf' is downloaded to processor 'ps7_cortexa9_0'.
11:45:11 INFO  : 'configparams force-mem-access 0' command is executed.
11:45:11 INFO  : ----------------XSDB Script----------------
connect -url tcp:127.0.0.1:3121
source C:/Users/jones/Desktop/EE316-Lab5/xadc_example/vivado_proj/Cora-Z7-07S-XADC.sdk/design_1_wrapper_hw_platform_0/ps7_init.tcl
targets -set -nocase -filter {name =~"APU*" && jtag_cable_name =~ "Digilent Cora Z7 - 7007S 210370AFD299A"} -index 0
loadhw -hw C:/Users/jones/Desktop/EE316-Lab5/xadc_example/vivado_proj/Cora-Z7-07S-XADC.sdk/design_1_wrapper_hw_platform_0/system.hdf -mem-ranges [list {0x40000000 0xbfffffff}]
configparams force-mem-access 1
targets -set -nocase -filter {name =~"APU*" && jtag_cable_name =~ "Digilent Cora Z7 - 7007S 210370AFD299A"} -index 0
stop
ps7_init
ps7_post_config
targets -set -nocase -filter {name =~ "ARM*#0" && jtag_cable_name =~ "Digilent Cora Z7 - 7007S 210370AFD299A"} -index 0
rst -processor
targets -set -nocase -filter {name =~ "ARM*#0" && jtag_cable_name =~ "Digilent Cora Z7 - 7007S 210370AFD299A"} -index 0
dow C:/Users/jones/Desktop/EE316-Lab5/xadc_example/vivado_proj/Cora-Z7-07S-XADC.sdk/DigilentExample/Debug/DigilentExample.elf
configparams force-mem-access 0
----------------End of Script----------------

11:45:11 INFO  : Memory regions updated for context APU
11:45:11 INFO  : Context for processor 'ps7_cortexa9_0' is selected.
11:45:11 INFO  : 'con' command is executed.
11:45:11 INFO  : ----------------XSDB Script (After Launch)----------------
targets -set -nocase -filter {name =~ "ARM*#0" && jtag_cable_name =~ "Digilent Cora Z7 - 7007S 210370AFD299A"} -index 0
con
----------------End of Script----------------

11:45:11 INFO  : Launch script is exported to file 'C:\Users\jones\Desktop\EE316-Lab5\xadc_example\vivado_proj\Cora-Z7-07S-XADC.sdk\.sdk\launch_scripts\xilinx_c-c++_application_(system_debugger)\system_debugger_using_debug_digilentexample.elf_on_local.tcl'
11:45:55 INFO  : Connected to target on host '127.0.0.1' and port '3121'.
11:45:55 INFO  : 'targets -set -filter {jtag_cable_name =~ "Digilent Cora Z7 - 7007S 210370AFD299A" && level==0} -index 1' command is executed.
11:45:57 INFO  : FPGA configured successfully with bitstream "C:/Users/jones/Desktop/EE316-Lab5/xadc_example/vivado_proj/Cora-Z7-07S-XADC.sdk/design_1_wrapper_hw_platform_0/design_1_wrapper.bit"
11:46:02 INFO  : Disconnected from the channel tcfchan#1.
11:46:03 INFO  : 'targets -set -filter {jtag_cable_name =~ "Digilent Cora Z7 - 7007S 210370AFD299A" && level==0} -index 1' command is executed.
11:46:03 INFO  : 'fpga -state' command is executed.
11:46:03 INFO  : Connected to target on host '127.0.0.1' and port '3121'.
11:46:03 INFO  : Jtag cable 'Digilent Cora Z7 - 7007S 210370AFD299A' is selected.
11:46:03 INFO  : 'jtag frequency' command is executed.
11:46:03 INFO  : Sourcing of 'C:/Users/jones/Desktop/EE316-Lab5/xadc_example/vivado_proj/Cora-Z7-07S-XADC.sdk/design_1_wrapper_hw_platform_0/ps7_init.tcl' is done.
11:46:03 INFO  : Context for 'APU' is selected.
11:46:04 INFO  : Hardware design information is loaded from 'C:/Users/jones/Desktop/EE316-Lab5/xadc_example/vivado_proj/Cora-Z7-07S-XADC.sdk/design_1_wrapper_hw_platform_0/system.hdf'.
11:46:04 INFO  : 'configparams force-mem-access 1' command is executed.
11:46:04 INFO  : Context for 'APU' is selected.
11:46:04 INFO  : 'stop' command is executed.
11:46:05 ERROR : Memory read error at 0xF8F00208. Cannot halt processor core, timeout
11:46:05 INFO  : ----------------XSDB Script----------------
connect -url tcp:127.0.0.1:3121
source C:/Users/jones/Desktop/EE316-Lab5/xadc_example/vivado_proj/Cora-Z7-07S-XADC.sdk/design_1_wrapper_hw_platform_0/ps7_init.tcl
targets -set -nocase -filter {name =~"APU*" && jtag_cable_name =~ "Digilent Cora Z7 - 7007S 210370AFD299A"} -index 0
loadhw -hw C:/Users/jones/Desktop/EE316-Lab5/xadc_example/vivado_proj/Cora-Z7-07S-XADC.sdk/design_1_wrapper_hw_platform_0/system.hdf -mem-ranges [list {0x40000000 0xbfffffff}]
configparams force-mem-access 1
targets -set -nocase -filter {name =~"APU*" && jtag_cable_name =~ "Digilent Cora Z7 - 7007S 210370AFD299A"} -index 0
stop
ps7_init
----------------End of Script----------------

11:46:19 INFO  : 'targets -set -filter {jtag_cable_name =~ "Digilent Cora Z7 - 7007S 210370AFD299A" && level==0} -index 1' command is executed.
11:46:19 INFO  : 'fpga -state' command is executed.
11:46:21 INFO  : Connected to target on host '127.0.0.1' and port '3121'.
11:46:21 INFO  : Jtag cable 'Digilent Cora Z7 - 7007S 210370AFD299A' is selected.
11:46:21 INFO  : 'jtag frequency' command is executed.
11:46:21 INFO  : Sourcing of 'C:/Users/jones/Desktop/EE316-Lab5/xadc_example/vivado_proj/Cora-Z7-07S-XADC.sdk/design_1_wrapper_hw_platform_0/ps7_init.tcl' is done.
11:46:21 INFO  : Context for 'APU' is selected.
11:46:21 INFO  : Hardware design information is loaded from 'C:/Users/jones/Desktop/EE316-Lab5/xadc_example/vivado_proj/Cora-Z7-07S-XADC.sdk/design_1_wrapper_hw_platform_0/system.hdf'.
11:46:21 INFO  : 'configparams force-mem-access 1' command is executed.
11:46:21 INFO  : Context for 'APU' is selected.
11:46:21 INFO  : 'stop' command is executed.
11:46:21 INFO  : 'ps7_init' command is executed.
11:46:21 INFO  : 'ps7_post_config' command is executed.
11:46:21 INFO  : Context for processor 'ps7_cortexa9_0' is selected.
11:46:21 INFO  : Processor reset is completed for 'ps7_cortexa9_0'.
11:46:21 INFO  : Context for processor 'ps7_cortexa9_0' is selected.
11:46:21 INFO  : The application 'C:/Users/jones/Desktop/EE316-Lab5/xadc_example/vivado_proj/Cora-Z7-07S-XADC.sdk/DigilentExample/Debug/DigilentExample.elf' is downloaded to processor 'ps7_cortexa9_0'.
11:46:21 INFO  : 'configparams force-mem-access 0' command is executed.
11:46:21 INFO  : ----------------XSDB Script----------------
connect -url tcp:127.0.0.1:3121
source C:/Users/jones/Desktop/EE316-Lab5/xadc_example/vivado_proj/Cora-Z7-07S-XADC.sdk/design_1_wrapper_hw_platform_0/ps7_init.tcl
targets -set -nocase -filter {name =~"APU*" && jtag_cable_name =~ "Digilent Cora Z7 - 7007S 210370AFD299A"} -index 0
loadhw -hw C:/Users/jones/Desktop/EE316-Lab5/xadc_example/vivado_proj/Cora-Z7-07S-XADC.sdk/design_1_wrapper_hw_platform_0/system.hdf -mem-ranges [list {0x40000000 0xbfffffff}]
configparams force-mem-access 1
targets -set -nocase -filter {name =~"APU*" && jtag_cable_name =~ "Digilent Cora Z7 - 7007S 210370AFD299A"} -index 0
stop
ps7_init
ps7_post_config
targets -set -nocase -filter {name =~ "ARM*#0" && jtag_cable_name =~ "Digilent Cora Z7 - 7007S 210370AFD299A"} -index 0
rst -processor
targets -set -nocase -filter {name =~ "ARM*#0" && jtag_cable_name =~ "Digilent Cora Z7 - 7007S 210370AFD299A"} -index 0
dow C:/Users/jones/Desktop/EE316-Lab5/xadc_example/vivado_proj/Cora-Z7-07S-XADC.sdk/DigilentExample/Debug/DigilentExample.elf
configparams force-mem-access 0
----------------End of Script----------------

11:46:22 INFO  : Memory regions updated for context APU
11:46:22 INFO  : Context for processor 'ps7_cortexa9_0' is selected.
11:46:22 INFO  : 'con' command is executed.
11:46:22 INFO  : ----------------XSDB Script (After Launch)----------------
targets -set -nocase -filter {name =~ "ARM*#0" && jtag_cable_name =~ "Digilent Cora Z7 - 7007S 210370AFD299A"} -index 0
con
----------------End of Script----------------

11:46:22 INFO  : Launch script is exported to file 'C:\Users\jones\Desktop\EE316-Lab5\xadc_example\vivado_proj\Cora-Z7-07S-XADC.sdk\.sdk\launch_scripts\xilinx_c-c++_application_(system_debugger)\system_debugger_using_debug_digilentexample.elf_on_local.tcl'
11:46:31 INFO  : Connected to target on host '127.0.0.1' and port '3121'.
11:46:31 INFO  : 'targets -set -filter {jtag_cable_name =~ "Digilent Cora Z7 - 7007S 210370AFD299A" && level==0} -index 1' command is executed.
11:46:32 INFO  : FPGA configured successfully with bitstream "C:/Users/jones/Desktop/EE316-Lab5/xadc_example/vivado_proj/Cora-Z7-07S-XADC.sdk/design_1_wrapper_hw_platform_0/design_1_wrapper.bit"
11:46:38 INFO  : Disconnected from the channel tcfchan#2.
11:46:39 INFO  : 'targets -set -filter {jtag_cable_name =~ "Digilent Cora Z7 - 7007S 210370AFD299A" && level==0} -index 1' command is executed.
11:46:39 INFO  : 'fpga -state' command is executed.
11:46:39 INFO  : Connected to target on host '127.0.0.1' and port '3121'.
11:46:39 INFO  : Jtag cable 'Digilent Cora Z7 - 7007S 210370AFD299A' is selected.
11:46:39 INFO  : 'jtag frequency' command is executed.
11:46:39 INFO  : Sourcing of 'C:/Users/jones/Desktop/EE316-Lab5/xadc_example/vivado_proj/Cora-Z7-07S-XADC.sdk/design_1_wrapper_hw_platform_0/ps7_init.tcl' is done.
11:46:39 INFO  : Context for 'APU' is selected.
11:46:40 INFO  : Hardware design information is loaded from 'C:/Users/jones/Desktop/EE316-Lab5/xadc_example/vivado_proj/Cora-Z7-07S-XADC.sdk/design_1_wrapper_hw_platform_0/system.hdf'.
11:46:40 INFO  : 'configparams force-mem-access 1' command is executed.
11:46:40 INFO  : Context for 'APU' is selected.
11:46:40 INFO  : 'stop' command is executed.
11:46:40 INFO  : 'ps7_init' command is executed.
11:46:40 INFO  : 'ps7_post_config' command is executed.
11:46:40 INFO  : Context for processor 'ps7_cortexa9_0' is selected.
11:46:40 INFO  : Processor reset is completed for 'ps7_cortexa9_0'.
11:46:40 INFO  : Context for processor 'ps7_cortexa9_0' is selected.
11:46:40 INFO  : The application 'C:/Users/jones/Desktop/EE316-Lab5/xadc_example/vivado_proj/Cora-Z7-07S-XADC.sdk/DigilentExample/Debug/DigilentExample.elf' is downloaded to processor 'ps7_cortexa9_0'.
11:46:40 INFO  : 'configparams force-mem-access 0' command is executed.
11:46:40 INFO  : ----------------XSDB Script----------------
connect -url tcp:127.0.0.1:3121
source C:/Users/jones/Desktop/EE316-Lab5/xadc_example/vivado_proj/Cora-Z7-07S-XADC.sdk/design_1_wrapper_hw_platform_0/ps7_init.tcl
targets -set -nocase -filter {name =~"APU*" && jtag_cable_name =~ "Digilent Cora Z7 - 7007S 210370AFD299A"} -index 0
loadhw -hw C:/Users/jones/Desktop/EE316-Lab5/xadc_example/vivado_proj/Cora-Z7-07S-XADC.sdk/design_1_wrapper_hw_platform_0/system.hdf -mem-ranges [list {0x40000000 0xbfffffff}]
configparams force-mem-access 1
targets -set -nocase -filter {name =~"APU*" && jtag_cable_name =~ "Digilent Cora Z7 - 7007S 210370AFD299A"} -index 0
stop
ps7_init
ps7_post_config
targets -set -nocase -filter {name =~ "ARM*#0" && jtag_cable_name =~ "Digilent Cora Z7 - 7007S 210370AFD299A"} -index 0
rst -processor
targets -set -nocase -filter {name =~ "ARM*#0" && jtag_cable_name =~ "Digilent Cora Z7 - 7007S 210370AFD299A"} -index 0
dow C:/Users/jones/Desktop/EE316-Lab5/xadc_example/vivado_proj/Cora-Z7-07S-XADC.sdk/DigilentExample/Debug/DigilentExample.elf
configparams force-mem-access 0
----------------End of Script----------------

11:46:40 INFO  : Memory regions updated for context APU
11:46:40 INFO  : Context for processor 'ps7_cortexa9_0' is selected.
11:46:40 INFO  : 'con' command is executed.
11:46:40 INFO  : ----------------XSDB Script (After Launch)----------------
targets -set -nocase -filter {name =~ "ARM*#0" && jtag_cable_name =~ "Digilent Cora Z7 - 7007S 210370AFD299A"} -index 0
con
----------------End of Script----------------

11:46:40 INFO  : Launch script is exported to file 'C:\Users\jones\Desktop\EE316-Lab5\xadc_example\vivado_proj\Cora-Z7-07S-XADC.sdk\.sdk\launch_scripts\xilinx_c-c++_application_(system_debugger)\system_debugger_using_debug_digilentexample.elf_on_local.tcl'
11:46:57 INFO  : 'targets -set -filter {jtag_cable_name =~ "Digilent Cora Z7 - 7007S 210370AFD299A" && level==0} -index 1' command is executed.
11:46:57 INFO  : 'fpga -state' command is executed.
11:46:57 INFO  : Connected to target on host '127.0.0.1' and port '3121'.
11:46:57 INFO  : Jtag cable 'Digilent Cora Z7 - 7007S 210370AFD299A' is selected.
11:46:57 INFO  : 'jtag frequency' command is executed.
11:46:57 INFO  : Sourcing of 'C:/Users/jones/Desktop/EE316-Lab5/xadc_example/vivado_proj/Cora-Z7-07S-XADC.sdk/design_1_wrapper_hw_platform_0/ps7_init.tcl' is done.
11:46:57 INFO  : Context for 'APU' is selected.
11:46:57 INFO  : Hardware design information is loaded from 'C:/Users/jones/Desktop/EE316-Lab5/xadc_example/vivado_proj/Cora-Z7-07S-XADC.sdk/design_1_wrapper_hw_platform_0/system.hdf'.
11:46:57 INFO  : 'configparams force-mem-access 1' command is executed.
11:46:57 INFO  : Context for 'APU' is selected.
11:46:58 INFO  : 'stop' command is executed.
11:46:58 INFO  : 'ps7_init' command is executed.
11:46:58 INFO  : 'ps7_post_config' command is executed.
11:46:58 INFO  : Context for processor 'ps7_cortexa9_0' is selected.
11:46:58 INFO  : Processor reset is completed for 'ps7_cortexa9_0'.
11:46:58 INFO  : Context for processor 'ps7_cortexa9_0' is selected.
11:46:58 INFO  : The application 'C:/Users/jones/Desktop/EE316-Lab5/xadc_example/vivado_proj/Cora-Z7-07S-XADC.sdk/DigilentExample/Debug/DigilentExample.elf' is downloaded to processor 'ps7_cortexa9_0'.
11:46:58 INFO  : 'configparams force-mem-access 0' command is executed.
11:46:58 INFO  : ----------------XSDB Script----------------
connect -url tcp:127.0.0.1:3121
source C:/Users/jones/Desktop/EE316-Lab5/xadc_example/vivado_proj/Cora-Z7-07S-XADC.sdk/design_1_wrapper_hw_platform_0/ps7_init.tcl
targets -set -nocase -filter {name =~"APU*" && jtag_cable_name =~ "Digilent Cora Z7 - 7007S 210370AFD299A"} -index 0
loadhw -hw C:/Users/jones/Desktop/EE316-Lab5/xadc_example/vivado_proj/Cora-Z7-07S-XADC.sdk/design_1_wrapper_hw_platform_0/system.hdf -mem-ranges [list {0x40000000 0xbfffffff}]
configparams force-mem-access 1
targets -set -nocase -filter {name =~"APU*" && jtag_cable_name =~ "Digilent Cora Z7 - 7007S 210370AFD299A"} -index 0
stop
ps7_init
ps7_post_config
targets -set -nocase -filter {name =~ "ARM*#0" && jtag_cable_name =~ "Digilent Cora Z7 - 7007S 210370AFD299A"} -index 0
rst -processor
targets -set -nocase -filter {name =~ "ARM*#0" && jtag_cable_name =~ "Digilent Cora Z7 - 7007S 210370AFD299A"} -index 0
dow C:/Users/jones/Desktop/EE316-Lab5/xadc_example/vivado_proj/Cora-Z7-07S-XADC.sdk/DigilentExample/Debug/DigilentExample.elf
configparams force-mem-access 0
----------------End of Script----------------

11:46:58 INFO  : Context for processor 'ps7_cortexa9_0' is selected.
11:46:58 INFO  : 'con' command is executed.
11:46:58 INFO  : ----------------XSDB Script (After Launch)----------------
targets -set -nocase -filter {name =~ "ARM*#0" && jtag_cable_name =~ "Digilent Cora Z7 - 7007S 210370AFD299A"} -index 0
con
----------------End of Script----------------

11:46:58 INFO  : Disconnected from the channel tcfchan#3.
11:48:02 WARN  : channel "tcfchan#3" closed
13:21:30 INFO  : Registering command handlers for SDK TCF services
13:21:30 INFO  : Launching XSCT server: xsct.bat -interactive C:\Users\jones\Desktop\EE316-Lab5\xadc_example\vivado_proj\Cora-Z7-07S-XADC.sdk\temp_xsdb_launch_script.tcl
13:21:33 INFO  : XSCT server has started successfully.
13:21:36 INFO  : Successfully done setting XSCT server connection channel  
13:21:36 INFO  : Successfully done setting SDK workspace  
13:21:36 INFO  : Processing command line option -hwspec C:/Users/jones/Desktop/EE316-Lab5/xadc_example/vivado_proj/Cora-Z7-07S-XADC.sdk/design_1_wrapper.hdf.
13:21:36 INFO  : Checking for hwspec changes in the project design_1_wrapper_hw_platform_0.
13:21:39 INFO  : SDK has detected change in the last modified timestamps for source hardware specification file Source:1648574404426,  Project:1648568525142
13:21:39 INFO  : The hardware specification for project 'design_1_wrapper_hw_platform_0' is different from C:/Users/jones/Desktop/EE316-Lab5/xadc_example/vivado_proj/Cora-Z7-07S-XADC.sdk/design_1_wrapper.hdf.
13:21:40 INFO  : Copied contents of C:/Users/jones/Desktop/EE316-Lab5/xadc_example/vivado_proj/Cora-Z7-07S-XADC.sdk/design_1_wrapper.hdf into \design_1_wrapper_hw_platform_0\system.hdf.
13:22:06 INFO  : Synchronizing projects in the workspace with the hardware platform specification changes.
13:22:11 INFO  : 
13:22:11 INFO  : Updating hardware inferred compiler options for DigilentExample.
13:22:11 INFO  : Clearing existing target manager status.
13:22:56 INFO  : Connected to target on host '127.0.0.1' and port '3121'.
13:22:56 INFO  : 'targets -set -filter {jtag_cable_name =~ "Digilent Cora Z7 - 7007S 210370AFD299A" && level==0} -index 1' command is executed.
13:22:57 INFO  : FPGA configured successfully with bitstream "C:/Users/jones/Desktop/EE316-Lab5/xadc_example/vivado_proj/Cora-Z7-07S-XADC.sdk/design_1_wrapper_hw_platform_0/design_1_wrapper.bit"
13:23:50 INFO  : 'targets -set -filter {jtag_cable_name =~ "Digilent Cora Z7 - 7007S 210370AFD299A" && level==0} -index 1' command is executed.
13:23:50 INFO  : 'fpga -state' command is executed.
13:23:50 INFO  : Connected to target on host '127.0.0.1' and port '3121'.
13:23:50 INFO  : Jtag cable 'Digilent Cora Z7 - 7007S 210370AFD299A' is selected.
13:23:50 INFO  : 'jtag frequency' command is executed.
13:23:50 INFO  : Sourcing of 'C:/Users/jones/Desktop/EE316-Lab5/xadc_example/vivado_proj/Cora-Z7-07S-XADC.sdk/design_1_wrapper_hw_platform_0/ps7_init.tcl' is done.
13:23:50 INFO  : Context for 'APU' is selected.
13:23:50 INFO  : Hardware design information is loaded from 'C:/Users/jones/Desktop/EE316-Lab5/xadc_example/vivado_proj/Cora-Z7-07S-XADC.sdk/design_1_wrapper_hw_platform_0/system.hdf'.
13:23:51 INFO  : 'configparams force-mem-access 1' command is executed.
13:23:51 INFO  : Context for 'APU' is selected.
13:23:51 INFO  : 'stop' command is executed.
13:23:51 INFO  : 'ps7_init' command is executed.
13:23:51 INFO  : 'ps7_post_config' command is executed.
13:23:51 INFO  : Context for processor 'ps7_cortexa9_0' is selected.
13:23:51 INFO  : Processor reset is completed for 'ps7_cortexa9_0'.
13:23:51 INFO  : Context for processor 'ps7_cortexa9_0' is selected.
13:23:51 INFO  : The application 'C:/Users/jones/Desktop/EE316-Lab5/xadc_example/vivado_proj/Cora-Z7-07S-XADC.sdk/DigilentExample/Debug/DigilentExample.elf' is downloaded to processor 'ps7_cortexa9_0'.
13:23:51 INFO  : 'configparams force-mem-access 0' command is executed.
13:23:51 INFO  : ----------------XSDB Script----------------
connect -url tcp:127.0.0.1:3121
source C:/Users/jones/Desktop/EE316-Lab5/xadc_example/vivado_proj/Cora-Z7-07S-XADC.sdk/design_1_wrapper_hw_platform_0/ps7_init.tcl
targets -set -nocase -filter {name =~"APU*" && jtag_cable_name =~ "Digilent Cora Z7 - 7007S 210370AFD299A"} -index 0
loadhw -hw C:/Users/jones/Desktop/EE316-Lab5/xadc_example/vivado_proj/Cora-Z7-07S-XADC.sdk/design_1_wrapper_hw_platform_0/system.hdf -mem-ranges [list {0x40000000 0xbfffffff}]
configparams force-mem-access 1
targets -set -nocase -filter {name =~"APU*" && jtag_cable_name =~ "Digilent Cora Z7 - 7007S 210370AFD299A"} -index 0
stop
ps7_init
ps7_post_config
targets -set -nocase -filter {name =~ "ARM*#0" && jtag_cable_name =~ "Digilent Cora Z7 - 7007S 210370AFD299A"} -index 0
rst -processor
targets -set -nocase -filter {name =~ "ARM*#0" && jtag_cable_name =~ "Digilent Cora Z7 - 7007S 210370AFD299A"} -index 0
dow C:/Users/jones/Desktop/EE316-Lab5/xadc_example/vivado_proj/Cora-Z7-07S-XADC.sdk/DigilentExample/Debug/DigilentExample.elf
configparams force-mem-access 0
----------------End of Script----------------

13:23:51 INFO  : Context for processor 'ps7_cortexa9_0' is selected.
13:23:51 INFO  : 'con' command is executed.
13:23:51 INFO  : ----------------XSDB Script (After Launch)----------------
targets -set -nocase -filter {name =~ "ARM*#0" && jtag_cable_name =~ "Digilent Cora Z7 - 7007S 210370AFD299A"} -index 0
con
----------------End of Script----------------

13:23:51 INFO  : Disconnected from the channel tcfchan#1.
13:25:17 INFO  : Registering command handlers for SDK TCF services
13:25:18 INFO  : Launching XSCT server: xsct.bat -interactive C:\Users\jones\Desktop\EE316-Lab5\xadc_example\vivado_proj\Cora-Z7-07S-XADC.sdk\temp_xsdb_launch_script.tcl
13:25:20 INFO  : XSCT server has started successfully.
13:25:20 INFO  : Successfully done setting XSCT server connection channel  
13:25:20 INFO  : Successfully done setting SDK workspace  
13:25:20 INFO  : Processing command line option -hwspec C:/Users/jones/Desktop/EE316-Lab5/xadc_example/vivado_proj/Cora-Z7-07S-XADC.sdk/design_1_wrapper.hdf.
13:25:20 INFO  : Checking for hwspec changes in the project design_1_wrapper_hw_platform_0.
13:25:58 INFO  : 'targets -set -filter {jtag_cable_name =~ "Digilent Cora Z7 - 7007S 210370AFD299A" && level==0} -index 1' command is executed.
13:25:58 INFO  : 'fpga -state' command is executed.
13:25:58 INFO  : Connected to target on host '127.0.0.1' and port '3121'.
13:25:58 INFO  : Jtag cable 'Digilent Cora Z7 - 7007S 210370AFD299A' is selected.
13:25:58 INFO  : 'jtag frequency' command is executed.
13:25:58 INFO  : Sourcing of 'C:/Users/jones/Desktop/EE316-Lab5/xadc_example/vivado_proj/Cora-Z7-07S-XADC.sdk/design_1_wrapper_hw_platform_0/ps7_init.tcl' is done.
13:25:58 INFO  : Context for 'APU' is selected.
13:25:58 INFO  : Hardware design information is loaded from 'C:/Users/jones/Desktop/EE316-Lab5/xadc_example/vivado_proj/Cora-Z7-07S-XADC.sdk/design_1_wrapper_hw_platform_0/system.hdf'.
13:25:58 INFO  : 'configparams force-mem-access 1' command is executed.
13:25:59 INFO  : Context for 'APU' is selected.
13:25:59 INFO  : 'stop' command is executed.
13:25:59 INFO  : 'ps7_init' command is executed.
13:25:59 INFO  : 'ps7_post_config' command is executed.
13:25:59 INFO  : Context for processor 'ps7_cortexa9_0' is selected.
13:25:59 INFO  : Processor reset is completed for 'ps7_cortexa9_0'.
13:25:59 INFO  : Context for processor 'ps7_cortexa9_0' is selected.
13:25:59 INFO  : The application 'C:/Users/jones/Desktop/EE316-Lab5/xadc_example/vivado_proj/Cora-Z7-07S-XADC.sdk/DigilentExample/Debug/DigilentExample.elf' is downloaded to processor 'ps7_cortexa9_0'.
13:25:59 INFO  : 'configparams force-mem-access 0' command is executed.
13:25:59 INFO  : ----------------XSDB Script----------------
connect -url tcp:127.0.0.1:3121
source C:/Users/jones/Desktop/EE316-Lab5/xadc_example/vivado_proj/Cora-Z7-07S-XADC.sdk/design_1_wrapper_hw_platform_0/ps7_init.tcl
targets -set -nocase -filter {name =~"APU*" && jtag_cable_name =~ "Digilent Cora Z7 - 7007S 210370AFD299A"} -index 0
loadhw -hw C:/Users/jones/Desktop/EE316-Lab5/xadc_example/vivado_proj/Cora-Z7-07S-XADC.sdk/design_1_wrapper_hw_platform_0/system.hdf -mem-ranges [list {0x40000000 0xbfffffff}]
configparams force-mem-access 1
targets -set -nocase -filter {name =~"APU*" && jtag_cable_name =~ "Digilent Cora Z7 - 7007S 210370AFD299A"} -index 0
stop
ps7_init
ps7_post_config
targets -set -nocase -filter {name =~ "ARM*#0" && jtag_cable_name =~ "Digilent Cora Z7 - 7007S 210370AFD299A"} -index 0
rst -processor
targets -set -nocase -filter {name =~ "ARM*#0" && jtag_cable_name =~ "Digilent Cora Z7 - 7007S 210370AFD299A"} -index 0
dow C:/Users/jones/Desktop/EE316-Lab5/xadc_example/vivado_proj/Cora-Z7-07S-XADC.sdk/DigilentExample/Debug/DigilentExample.elf
configparams force-mem-access 0
----------------End of Script----------------

13:25:59 INFO  : Memory regions updated for context APU
13:25:59 INFO  : Context for processor 'ps7_cortexa9_0' is selected.
13:25:59 INFO  : 'con' command is executed.
13:25:59 INFO  : ----------------XSDB Script (After Launch)----------------
targets -set -nocase -filter {name =~ "ARM*#0" && jtag_cable_name =~ "Digilent Cora Z7 - 7007S 210370AFD299A"} -index 0
con
----------------End of Script----------------

13:25:59 INFO  : Launch script is exported to file 'C:\Users\jones\Desktop\EE316-Lab5\xadc_example\vivado_proj\Cora-Z7-07S-XADC.sdk\.sdk\launch_scripts\xilinx_c-c++_application_(system_debugger)\system_debugger_using_debug_digilentexample.elf_on_local.tcl'
13:37:44 INFO  : Disconnected from the channel tcfchan#1.
15:33:59 INFO  : Registering command handlers for SDK TCF services
15:34:00 INFO  : Launching XSCT server: xsct.bat -interactive C:\Users\jones\Desktop\EE316-Lab5\xadc_example\vivado_proj\Cora-Z7-07S-XADC.sdk\temp_xsdb_launch_script.tcl
15:34:02 INFO  : XSCT server has started successfully.
15:34:02 INFO  : Successfully done setting XSCT server connection channel  
15:34:02 INFO  : Successfully done setting SDK workspace  
15:34:02 INFO  : Processing command line option -hwspec C:/Users/jones/Desktop/EE316-Lab5/xadc_example/vivado_proj/Cora-Z7-07S-XADC.sdk/design_1_wrapper.hdf.
15:34:02 INFO  : Checking for hwspec changes in the project design_1_wrapper_hw_platform_0.
15:34:27 INFO  : Connected to target on host '127.0.0.1' and port '3121'.
15:34:27 INFO  : 'targets -set -filter {jtag_cable_name =~ "Digilent Cora Z7 - 7007S 210370AFD299A" && level==0} -index 1' command is executed.
15:34:28 INFO  : FPGA configured successfully with bitstream "C:/Users/jones/Desktop/EE316-Lab5/xadc_example/vivado_proj/Cora-Z7-07S-XADC.sdk/design_1_wrapper_hw_platform_0/design_1_wrapper.bit"
15:34:31 INFO  : 'targets -set -filter {jtag_cable_name =~ "Digilent Cora Z7 - 7007S 210370AFD299A" && level==0} -index 1' command is executed.
15:34:31 INFO  : 'fpga -state' command is executed.
15:34:31 INFO  : Connected to target on host '127.0.0.1' and port '3121'.
15:34:32 INFO  : Jtag cable 'Digilent Cora Z7 - 7007S 210370AFD299A' is selected.
15:34:32 INFO  : 'jtag frequency' command is executed.
15:34:32 INFO  : Sourcing of 'C:/Users/jones/Desktop/EE316-Lab5/xadc_example/vivado_proj/Cora-Z7-07S-XADC.sdk/design_1_wrapper_hw_platform_0/ps7_init.tcl' is done.
15:34:32 INFO  : Context for 'APU' is selected.
15:34:32 INFO  : Hardware design information is loaded from 'C:/Users/jones/Desktop/EE316-Lab5/xadc_example/vivado_proj/Cora-Z7-07S-XADC.sdk/design_1_wrapper_hw_platform_0/system.hdf'.
15:34:32 INFO  : 'configparams force-mem-access 1' command is executed.
15:34:32 INFO  : Context for 'APU' is selected.
15:34:32 INFO  : 'stop' command is executed.
15:34:32 INFO  : 'ps7_init' command is executed.
15:34:32 INFO  : 'ps7_post_config' command is executed.
15:34:32 INFO  : Context for processor 'ps7_cortexa9_0' is selected.
15:34:32 INFO  : Processor reset is completed for 'ps7_cortexa9_0'.
15:34:32 INFO  : Context for processor 'ps7_cortexa9_0' is selected.
15:34:32 INFO  : The application 'C:/Users/jones/Desktop/EE316-Lab5/xadc_example/vivado_proj/Cora-Z7-07S-XADC.sdk/DigilentExample/Debug/DigilentExample.elf' is downloaded to processor 'ps7_cortexa9_0'.
15:34:32 INFO  : 'configparams force-mem-access 0' command is executed.
15:34:32 INFO  : ----------------XSDB Script----------------
connect -url tcp:127.0.0.1:3121
source C:/Users/jones/Desktop/EE316-Lab5/xadc_example/vivado_proj/Cora-Z7-07S-XADC.sdk/design_1_wrapper_hw_platform_0/ps7_init.tcl
targets -set -nocase -filter {name =~"APU*" && jtag_cable_name =~ "Digilent Cora Z7 - 7007S 210370AFD299A"} -index 0
loadhw -hw C:/Users/jones/Desktop/EE316-Lab5/xadc_example/vivado_proj/Cora-Z7-07S-XADC.sdk/design_1_wrapper_hw_platform_0/system.hdf -mem-ranges [list {0x40000000 0xbfffffff}]
configparams force-mem-access 1
targets -set -nocase -filter {name =~"APU*" && jtag_cable_name =~ "Digilent Cora Z7 - 7007S 210370AFD299A"} -index 0
stop
ps7_init
ps7_post_config
targets -set -nocase -filter {name =~ "ARM*#0" && jtag_cable_name =~ "Digilent Cora Z7 - 7007S 210370AFD299A"} -index 0
rst -processor
targets -set -nocase -filter {name =~ "ARM*#0" && jtag_cable_name =~ "Digilent Cora Z7 - 7007S 210370AFD299A"} -index 0
dow C:/Users/jones/Desktop/EE316-Lab5/xadc_example/vivado_proj/Cora-Z7-07S-XADC.sdk/DigilentExample/Debug/DigilentExample.elf
configparams force-mem-access 0
----------------End of Script----------------

15:34:32 INFO  : Memory regions updated for context APU
15:34:32 INFO  : Context for processor 'ps7_cortexa9_0' is selected.
15:34:32 INFO  : 'con' command is executed.
15:34:32 INFO  : ----------------XSDB Script (After Launch)----------------
targets -set -nocase -filter {name =~ "ARM*#0" && jtag_cable_name =~ "Digilent Cora Z7 - 7007S 210370AFD299A"} -index 0
con
----------------End of Script----------------

15:34:32 INFO  : Launch script is exported to file 'C:\Users\jones\Desktop\EE316-Lab5\xadc_example\vivado_proj\Cora-Z7-07S-XADC.sdk\.sdk\launch_scripts\xilinx_c-c++_application_(system_debugger)\system_debugger_using_debug_digilentexample.elf_on_local.tcl'
15:35:16 INFO  : Disconnected from the channel tcfchan#1.
